IMLib/build/intermediates/manifest_merge_blame_file/release/manifest-merger-blame-release-report.txt
1<?xml version="1.0" encoding="utf-8"?>
2<manifest xmlns:android="http://schemas.android.com/apk/res/android"
3    package="io.rong.imlib"
4    android:versionCode="2018070910"
5    android:versionName="2.9.2 Dev" >
6
7    <uses-sdk
8        android:minSdkVersion="19"
8-->mipai/IMLib/AndroidManifest.xml
9        android:targetSdkVersion="29" />
9-->mipai/IMLib/AndroidManifest.xml
10
11    <uses-permission android:name="android.permission.WRITE_EXTERNAL_STORAGE" />
11-->mipai/IMLib/AndroidManifest.xml:4:5-81
11-->mipai/IMLib/AndroidManifest.xml:4:22-78
12    <uses-permission android:name="android.permission.INTERNET" />
12-->mipai/IMLib/AndroidManifest.xml:5:5-67
12-->mipai/IMLib/AndroidManifest.xml:5:22-64
13    <uses-permission android:name="android.permission.ACCESS_NETWORK_STATE" />
13-->mipai/IMLib/AndroidManifest.xml:6:5-79
13-->mipai/IMLib/AndroidManifest.xml:6:22-76
14    <uses-permission android:name="android.permission.ACCESS_WIFI_STATE" />
14-->mipai/IMLib/AndroidManifest.xml:7:5-76
14-->mipai/IMLib/AndroidManifest.xml:7:22-73
15    <uses-permission android:name="android.permission.READ_PHONE_STATE" />
15-->mipai/IMLib/AndroidManifest.xml:8:5-75
15-->mipai/IMLib/AndroidManifest.xml:8:22-72
16    <uses-permission android:name="android.permission.RECORD_AUDIO" />
16-->mipai/IMLib/AndroidManifest.xml:9:5-71
16-->mipai/IMLib/AndroidManifest.xml:9:22-68
17    <uses-permission android:name="android.permission.GET_TASKS" />
17-->mipai/IMLib/AndroidManifest.xml:10:5-68
17-->mipai/IMLib/AndroidManifest.xml:10:22-65
18    <uses-permission android:name="android.permission.WAKE_LOCK" />
18-->mipai/IMLib/AndroidManifest.xml:11:5-68
18-->mipai/IMLib/AndroidManifest.xml:11:22-65
19    <uses-permission android:name="android.permission.MODIFY_AUDIO_SETTINGS" />
19-->mipai/IMLib/AndroidManifest.xml:12:5-80
19-->mipai/IMLib/AndroidManifest.xml:12:22-77
20    <uses-permission android:name="android.permission.VIBRATE" />
20-->mipai/IMLib/AndroidManifest.xml:13:5-66
20-->mipai/IMLib/AndroidManifest.xml:13:22-63
21    <uses-permission android:name="android.permission.ACCESS_FINE_LOCATION" />
21-->mipai/IMLib/AndroidManifest.xml:14:5-79
21-->mipai/IMLib/AndroidManifest.xml:14:22-76
22    <uses-permission android:name="android.permission.RECEIVE_BOOT_COMPLETED" />
22-->mipai/IMLib/AndroidManifest.xml:15:5-81
22-->mipai/IMLib/AndroidManifest.xml:15:22-78
23
24    <application>
24-->mipai/IMLib/AndroidManifest.xml:17:5-85:19
25
26        <!-- imlib config begin -->
27        <meta-data
27-->mipai/IMLib/AndroidManifest.xml:20:9-22:45
28            android:name="RONG_CLOUD_APP_KEY"
28-->mipai/IMLib/AndroidManifest.xml:21:13-46
29            android:value="lmxuhwaglijkd" />
29-->mipai/IMLib/AndroidManifest.xml:22:13-42
30
31        <service
31-->mipai/IMLib/AndroidManifest.xml:24:9-27:38
32            android:name="io.rong.imlib.ipc.RongService"
32-->mipai/IMLib/AndroidManifest.xml:25:13-57
33            android:exported="true"
33-->mipai/IMLib/AndroidManifest.xml:26:13-36
34            android:process=":ipc" />
34-->mipai/IMLib/AndroidManifest.xml:27:13-35
35        <service
35-->mipai/IMLib/AndroidManifest.xml:29:9-32:72
36            android:name="io.rong.imlib.ReConnectService"
36-->mipai/IMLib/AndroidManifest.xml:30:13-45
37            android:exported="true"
37-->mipai/IMLib/AndroidManifest.xml:31:13-36
38            android:permission="android.permission.BIND_JOB_SERVICE" />
38-->mipai/IMLib/AndroidManifest.xml:32:13-69
39
40        <receiver
40-->mipai/IMLib/AndroidManifest.xml:34:9-36:39
41            android:name="io.rong.imlib.ConnectChangeReceiver"
41-->mipai/IMLib/AndroidManifest.xml:35:13-63
42            android:exported="true" />
42-->mipai/IMLib/AndroidManifest.xml:36:13-36
43        <receiver
43-->mipai/IMLib/AndroidManifest.xml:38:9-40:38
44            android:name="io.rong.imlib.HeartbeatReceiver"
44-->mipai/IMLib/AndroidManifest.xml:39:13-59
45            android:process=":ipc" />
45-->mipai/IMLib/AndroidManifest.xml:40:13-35
46        <!-- imlib config end -->
47
48
49        <!-- 必选： SDK 核心功能 -->
50        <!-- 第三方相关,向第三方推送服务请求 token 的服务 -->
51        <!-- 处理 push 消息相关的服务 -->
52        <service
52-->mipai/IMLib/AndroidManifest.xml:47:9-50:72
53            android:name="io.rong.push.core.PushRegistrationService"
53-->mipai/IMLib/AndroidManifest.xml:48:13-69
54            android:exported="true"
54-->mipai/IMLib/AndroidManifest.xml:49:13-36
55            android:permission="android.permission.BIND_JOB_SERVICE" />
55-->mipai/IMLib/AndroidManifest.xml:50:13-69
56        <service
56-->mipai/IMLib/AndroidManifest.xml:52:9-55:72
57            android:name="io.rong.push.core.MessageHandleService"
57-->mipai/IMLib/AndroidManifest.xml:53:13-66
58            android:exported="true"
58-->mipai/IMLib/AndroidManifest.xml:54:13-36
59            android:permission="android.permission.BIND_JOB_SERVICE" />
59-->mipai/IMLib/AndroidManifest.xml:55:13-69
60        <!-- push服务 -->
61
62        <service
62-->mipai/IMLib/AndroidManifest.xml:58:9-62:46
63            android:name="io.rong.push.PushService"
63-->mipai/IMLib/AndroidManifest.xml:59:13-52
64            android:exported="true"
64-->mipai/IMLib/AndroidManifest.xml:60:13-36
65            android:permission="android.permission.BIND_JOB_SERVICE"
65-->mipai/IMLib/AndroidManifest.xml:61:13-69
66            android:process="io.rong.push" />
66-->mipai/IMLib/AndroidManifest.xml:62:13-43
67
68        <!-- push 相关事件接收器 -->
69        <receiver
69-->mipai/IMLib/AndroidManifest.xml:65:9-80:20
70            android:name="io.rong.push.PushReceiver"
70-->mipai/IMLib/AndroidManifest.xml:66:13-53
71            android:process="io.rong.push" > <!-- 此处进程可以改名，名称需要和PushService所在进程统一 -->
71-->mipai/IMLib/AndroidManifest.xml:67:13-43
72            <!-- 心跳事件和网络切换事件监听,必须 -->
73            <intent-filter>
73-->mipai/IMLib/AndroidManifest.xml:69:13-72:29
74                <action android:name="io.rong.push.intent.action.HEART_BEAT" />
74-->mipai/IMLib/AndroidManifest.xml:70:17-80
74-->mipai/IMLib/AndroidManifest.xml:70:25-77
75                <action android:name="android.net.conn.CONNECTIVITY_CHANGE" />
75-->mipai/IMLib/AndroidManifest.xml:71:17-79
75-->mipai/IMLib/AndroidManifest.xml:71:25-76
76            </intent-filter>
77
78            <!-- 部分用户事件监听, 用来提高推送拉活率; 可移除 -->
79            <intent-filter>
79-->mipai/IMLib/AndroidManifest.xml:75:13-79:29
80                <action android:name="android.intent.action.USER_PRESENT" />
80-->mipai/IMLib/AndroidManifest.xml:76:17-77
80-->mipai/IMLib/AndroidManifest.xml:76:25-74
81                <action android:name="android.intent.action.ACTION_POWER_CONNECTED" />
81-->mipai/IMLib/AndroidManifest.xml:77:17-87
81-->mipai/IMLib/AndroidManifest.xml:77:25-84
82                <action android:name="android.intent.action.ACTION_POWER_DISCONNECTED" />
82-->mipai/IMLib/AndroidManifest.xml:78:17-90
82-->mipai/IMLib/AndroidManifest.xml:78:25-87
83            </intent-filter>
84        </receiver>
85
86        <!-- 必选： SDK 核心功能 -->
87
88
89        <!-- end -->
90    </application>
91
92</manifest>